[debug] [2024-11-05T15:01:17.926Z] ----------------------------------------------------------------------
[debug] [2024-11-05T15:01:19.787Z] Command:       C:\Program Files\nodejs\node.exe C:\Users\my\AppData\Roaming\npm\node_modules\firebase-tools\lib\bin\firebase.js deploy
[debug] [2024-11-05T15:01:19.788Z] CLI Version:   13.23.1
[debug] [2024-11-05T15:01:19.788Z] Platform:      win32
[debug] [2024-11-05T15:01:19.789Z] Node Version:  v20.16.0
[debug] [2024-11-05T15:01:19.790Z] Time:          Tue Nov 05 2024 20:01:19 GMT+0500 (Pakistan Standard Time)
[debug] [2024-11-05T15:01:19.791Z] ----------------------------------------------------------------------
[debug] 
[debug] [2024-11-05T15:01:19.885Z] >>> [apiv2][query] GET https://firebase-public.firebaseio.com/cli.json [none]
[debug] [2024-11-05T15:01:20.682Z] > command requires scopes: ["email","openid","https://www.googleapis.com/auth/cloudplatformprojects.readonly","https://www.googleapis.com/auth/firebase","https://www.googleapis.com/auth/cloud-platform"]
[debug] [2024-11-05T15:01:20.683Z] > authorizing via signed-in user (nouvedb@gmail.com)
[debug] [2024-11-05T15:01:20.683Z] [iam] checking project nouvedb-1328c for permissions ["firebase.projects.get","firebasehosting.sites.update"]
[debug] [2024-11-05T15:01:20.685Z] Checked if tokens are valid: false, expires at: 1730663849762
[debug] [2024-11-05T15:01:20.686Z] Checked if tokens are valid: false, expires at: 1730663849762
[debug] [2024-11-05T15:01:20.687Z] > refreshing access token with scopes: []
[debug] [2024-11-05T15:01:20.689Z] >>> [apiv2][query] POST https://www.googleapis.com/oauth2/v3/token [none]
[debug] [2024-11-05T15:01:20.690Z] >>> [apiv2][body] POST https://www.googleapis.com/oauth2/v3/token [omitted]
[debug] [2024-11-05T15:01:21.491Z] <<< [apiv2][status] GET https://firebase-public.firebaseio.com/cli.json 200
[debug] [2024-11-05T15:01:21.491Z] <<< [apiv2][body] GET https://firebase-public.firebaseio.com/cli.json {"cloudBuildErrorAfter":1594252800000,"cloudBuildWarnAfter":1590019200000,"defaultNode10After":1594252800000,"minVersion":"3.0.5","node8DeploysDisabledAfter":1613390400000,"node8RuntimeDisabledAfter":1615809600000,"node8WarnAfter":1600128000000}
[debug] [2024-11-05T15:01:21.793Z] <<< [apiv2][status] POST https://www.googleapis.com/oauth2/v3/token 200
[debug] [2024-11-05T15:01:21.793Z] <<< [apiv2][body] POST https://www.googleapis.com/oauth2/v3/token [omitted]
[debug] [2024-11-05T15:01:22.155Z] >>> [apiv2][query] POST https://cloudresourcemanager.googleapis.com/v1/projects/nouvedb-1328c:testIamPermissions [none]
[debug] [2024-11-05T15:01:22.155Z] >>> [apiv2][(partial)header] POST https://cloudresourcemanager.googleapis.com/v1/projects/nouvedb-1328c:testIamPermissions x-goog-quota-user=projects/nouvedb-1328c
[debug] [2024-11-05T15:01:22.155Z] >>> [apiv2][body] POST https://cloudresourcemanager.googleapis.com/v1/projects/nouvedb-1328c:testIamPermissions {"permissions":["firebase.projects.get","firebasehosting.sites.update"]}
[debug] [2024-11-05T15:01:23.622Z] <<< [apiv2][status] POST https://cloudresourcemanager.googleapis.com/v1/projects/nouvedb-1328c:testIamPermissions 200
[debug] [2024-11-05T15:01:23.622Z] <<< [apiv2][body] POST https://cloudresourcemanager.googleapis.com/v1/projects/nouvedb-1328c:testIamPermissions {"permissions":["firebase.projects.get","firebasehosting.sites.update"]}
[debug] [2024-11-05T15:01:23.623Z] Checked if tokens are valid: true, expires at: 1730822480793
[debug] [2024-11-05T15:01:23.623Z] Checked if tokens are valid: true, expires at: 1730822480793
[debug] [2024-11-05T15:01:23.624Z] >>> [apiv2][query] GET https://firebase.googleapis.com/v1beta1/projects/nouvedb-1328c [none]
[debug] [2024-11-05T15:01:24.276Z] <<< [apiv2][status] GET https://firebase.googleapis.com/v1beta1/projects/nouvedb-1328c 200
